d:\downloads\lab4\lab03 vs laptop\src\debug\vc141.pdb
d:\documents\college\com sci\cpe471\cpe 471\lab4\src\debug\vc141.pdb
d:\documents\college\com sci\cpe471\cpe 471\lab4\src\debug\vc141.idb
d:\documents\college\com sci\cpe471\cpe 471\lab4\src\debug\glad.obj
d:\documents\college\com sci\cpe471\cpe 471\lab4\src\debug\glsl.obj
d:\documents\college\com sci\cpe471\cpe 471\lab4\src\debug\main.obj
d:\documents\college\com sci\cpe471\cpe 471\lab4\src\debug\matrixstack.obj
d:\documents\college\com sci\cpe471\cpe 471\lab4\src\debug\program.obj
d:\documents\college\com sci\cpe471\cpe 471\lab4\src\debug\windowmanager.obj
c:\users\samma\desktop\winter2018\cpe471\labs\lab04\src\debug\vc141.pdb
c:\users\samma\desktop\winter2018\cpe471\labs\lab04\src\debug\vc141.idb
c:\users\samma\desktop\winter2018\cpe471\labs\lab04\src\debug\glad.obj
c:\users\samma\desktop\winter2018\cpe471\labs\lab04\src\debug\glsl.obj
c:\users\samma\desktop\winter2018\cpe471\labs\lab04\src\debug\main.obj
c:\users\samma\desktop\winter2018\cpe471\labs\lab04\src\debug\matrixstack.obj
c:\users\samma\desktop\winter2018\cpe471\labs\lab04\src\debug\program.obj
c:\users\samma\desktop\winter2018\cpe471\labs\lab04\src\debug\windowmanager.obj
d:\downloads\lab4\lab03 vs laptop\debug\lab03.exe
d:\downloads\lab4\lab03 vs laptop\debug\lab03.ilk
d:\downloads\lab4\lab03 vs laptop\debug\lab03.pdb
d:\documents\college\com sci\cpe471\cpe 471\lab4\debug\lab03.exe
d:\documents\college\com sci\cpe471\cpe 471\lab4\debug\lab03.ilk
d:\documents\college\com sci\cpe471\cpe 471\lab4\debug\lab03.pdb
c:\users\samma\desktop\winter2018\cpe471\labs\lab04\debug\lab03.pdb
c:\users\samma\desktop\winter2018\cpe471\labs\lab04\src\debug\lab03.tlog\cl.command.1.tlog
c:\users\samma\desktop\winter2018\cpe471\labs\lab04\src\debug\lab03.tlog\cl.read.1.tlog
c:\users\samma\desktop\winter2018\cpe471\labs\lab04\src\debug\lab03.tlog\cl.write.1.tlog
c:\users\samma\desktop\winter2018\cpe471\labs\lab04\src\debug\lab03.tlog\link-cvtres.read.1.tlog
c:\users\samma\desktop\winter2018\cpe471\labs\lab04\src\debug\lab03.tlog\link-cvtres.write.1.tlog
c:\users\samma\desktop\winter2018\cpe471\labs\lab04\src\debug\lab03.tlog\link-rc.read.1.tlog
c:\users\samma\desktop\winter2018\cpe471\labs\lab04\src\debug\lab03.tlog\link-rc.write.1.tlog
c:\users\samma\desktop\winter2018\cpe471\labs\lab04\src\debug\lab03.tlog\link.command.1.tlog
c:\users\samma\desktop\winter2018\cpe471\labs\lab04\src\debug\lab03.tlog\link.read.1.tlog
c:\users\samma\desktop\winter2018\cpe471\labs\lab04\src\debug\lab03.tlog\link.write.1.tlog
